<?xml version="1.0" encoding="UTF-8"?>
<!-- Generated by org.testng.reporters.JUnitReportReporter -->
<testsuite hostname="BDC11-L-7200H0S" name="Enel.ADOPdemo.createDealerInSalesCloud" tests="1" failures="0" timestamp="23 Feb 2018 17:06:42 GMT" time="82.568" errors="0">
  <testcase name="updateDealer" time="82.568" classname="Enel.ADOPdemo.createDealerInSalesCloud"/>
</testsuite> <!-- Enel.ADOPdemo.createDealerInSalesCloud -->
